<?xml version="1.0" encoding="UTF-8"?>
<testsuite name="hello.GreetingIntegrationTest" tests="2" failures="0" errors="0" timestamp="2014-03-17T15:29:27" hostname="manub-mbp.local" time="1.347">
  <properties/>
  <testcase name="returnsACorrectResponse" classname="hello.GreetingIntegrationTest" time="1.317"/>
  <testcase name="returnsAPersonalisedMessage" classname="hello.GreetingIntegrationTest" time="0.03"/>
  <system-out><![CDATA[15:29:27.806 [Test worker] DEBUG o.s.t.c.j.SpringJUnit4ClassRunner - SpringJUnit4ClassRunner constructor called with [class hello.GreetingIntegrationTest].
15:29:27.846 [Test worker] DEBUG o.s.test.context.ContextLoaderUtils - Found explicit ContextLoader class [org.springframework.boot.test.SpringApplicationContextLoader] for context configuration attributes [ContextConfigurationAttributes@199155be declaringClass = 'org.springframework.boot.test.SpringApplicationConfiguration', locations = '{}', classes = '{class hello.Application}', inheritLocations = true, initializers = '{}', inheritInitializers = true, name = [null], contextLoaderClass = 'org.springframework.boot.test.SpringApplicationContextLoader']
15:29:27.852 [Test worker] DEBUG o.s.test.context.ContextLoaderUtils - Could not find an 'annotation declaring class' for annotation type [org.springframework.test.context.ActiveProfiles] and class [hello.GreetingIntegrationTest]
15:29:27.855 [Test worker] DEBUG o.s.test.context.TestContextManager - @TestExecutionListeners is not present for class [class hello.GreetingIntegrationTest]: using defaults.
15:29:27.862 [Test worker] INFO  o.s.test.context.TestContextManager - Could not instantiate TestExecutionListener class [org.springframework.test.context.transaction.TransactionalTestExecutionListener]. Specify custom listener classes or make the default listener classes (and their dependencies) available.
15:29:27.864 [Test worker] DEBUG o.s.t.annotation.ProfileValueUtils - Retrieved @ProfileValueSourceConfiguration [null] for test class [hello.GreetingIntegrationTest]
15:29:27.864 [Test worker] DEBUG o.s.t.annotation.ProfileValueUtils - Retrieved ProfileValueSource type [class org.springframework.test.annotation.SystemProfileValueSource] for class [hello.GreetingIntegrationTest]
15:29:27.866 [Test worker] DEBUG o.s.t.annotation.ProfileValueUtils - Retrieved @ProfileValueSourceConfiguration [null] for test class [hello.GreetingIntegrationTest]
15:29:27.866 [Test worker] DEBUG o.s.t.annotation.ProfileValueUtils - Retrieved ProfileValueSource type [class org.springframework.test.annotation.SystemProfileValueSource] for class [hello.GreetingIntegrationTest]
15:29:27.867 [Test worker] DEBUG o.s.t.annotation.ProfileValueUtils - Retrieved @ProfileValueSourceConfiguration [null] for test class [hello.GreetingIntegrationTest]
15:29:27.867 [Test worker] DEBUG o.s.t.annotation.ProfileValueUtils - Retrieved ProfileValueSource type [class org.springframework.test.annotation.SystemProfileValueSource] for class [hello.GreetingIntegrationTest]
15:29:27.869 [Test worker] DEBUG o.s.t.annotation.ProfileValueUtils - Retrieved @ProfileValueSourceConfiguration [null] for test class [hello.GreetingIntegrationTest]
15:29:27.869 [Test worker] DEBUG o.s.t.annotation.ProfileValueUtils - Retrieved ProfileValueSource type [class org.springframework.test.annotation.SystemProfileValueSource] for class [hello.GreetingIntegrationTest]
15:29:27.871 [Test worker] DEBUG o.s.t.c.s.DependencyInjectionTestExecutionListener - Performing dependency injection for test context [[DefaultTestContext@7d6904c4 testClass = GreetingIntegrationTest, testInstance = hello.GreetingIntegrationTest@79b8202e, testMethod = [null], testException = [null], mergedContextConfiguration = [MergedContextConfiguration@2748ea70 testClass = GreetingIntegrationTest, locations = '{}', classes = '{class hello.Application}', contextInitializerClasses = '[]', activeProfiles = '{}', contextLoader = 'org.springframework.boot.test.SpringApplicationContextLoader', parent = [null]]]].

  .   ____          _            __ _ _
 /\\ / ___'_ __ _ _(_)_ __  __ _ \ \ \ \
( ( )\___ | '_ | '_| | '_ \/ _` | \ \ \ \
 \\/  ___)| |_)| | | | | || (_| |  ) ) ) )
  '  |____| .__|_| |_|_| |_\__, | / / / /
 =========|_|==============|___/=/_/_/_/
 :: Spring Boot ::            (v1.0.0.RC4)

2014-03-17 15:29:28.223  INFO 11027 --- [    Test worker] o.s.boot.SpringApplication               : Starting application on manub-mbp.local with PID 11027 (/Users/manub/.gradle/caches/modules-2/files-2.1/org.springframework.boot/spring-boot/1.0.0.RC4/b8934d1dcdfd6f454ad86ea7372fd8a6dd2f6e61/spring-boot-1.0.0.RC4.jar started by manub)
2014-03-17 15:29:28.250  INFO 11027 --- [    Test worker] s.c.a.AnnotationConfigApplicationContext : Refreshing org.springframework.context.annotation.AnnotationConfigApplicationContext@7fcfe433: startup date [Mon Mar 17 15:29:28 GMT 2014]; root of context hierarchy
2014-03-17 15:29:28.954  INFO 11027 --- [    Test worker] o.s.boot.SpringApplication               : Started application in 1.017 seconds (JVM running for 1.839)
2014-03-17 15:29:28.999  INFO 11027 --- [    Test worker] ilder$StaticRequestMappingHandlerMapping : Mapped "{[/greeting],methods=[],params=[],headers=[],consumes=[],produces=[],custom=[]}" onto public hello.Greeting hello.GreetingController.greeting(java.lang.String)
2014-03-17 15:29:29.074  INFO 11027 --- [    Test worker] o.s.mock.web.MockServletContext          : Initializing Spring FrameworkServlet ''
2014-03-17 15:29:29.075  INFO 11027 --- [    Test worker] o.s.t.web.servlet.TestDispatcherServlet  : FrameworkServlet '': initialization started
2014-03-17 15:29:29.077  INFO 11027 --- [    Test worker] o.s.t.web.servlet.TestDispatcherServlet  : FrameworkServlet '': initialization completed in 2 ms
2014-03-17 15:29:29.189  INFO 11027 --- [    Test worker] ilder$StaticRequestMappingHandlerMapping : Mapped "{[/greeting],methods=[],params=[],headers=[],consumes=[],produces=[],custom=[]}" onto public hello.Greeting hello.GreetingController.greeting(java.lang.String)
2014-03-17 15:29:29.214  INFO 11027 --- [    Test worker] o.s.mock.web.MockServletContext          : Initializing Spring FrameworkServlet ''
2014-03-17 15:29:29.214  INFO 11027 --- [    Test worker] o.s.t.web.servlet.TestDispatcherServlet  : FrameworkServlet '': initialization started
2014-03-17 15:29:29.215  INFO 11027 --- [    Test worker] o.s.t.web.servlet.TestDispatcherServlet  : FrameworkServlet '': initialization completed in 0 ms
]]></system-out>
  <system-err><![CDATA[]]></system-err>
</testsuite>
